


ARM Macro Assembler    Page 1 


    1 00000000         
    2 00000000         
    3 00000000         ;/******************************************************
                       ********************//**
    4 00000000         ; * @file     startup_CMS32L051.s
    5 00000000         ; * @brief    CMSIS Cortex-M ARMv6-M based Core Device S
                       tartup File for
    6 00000000         ; *           Device CMS32L051
    7 00000000         ; * @version  1.0.0
    8 00000000         ; * @date     2019/12/24
    9 00000000         ; ******************************************************
                       ************************/
   10 00000000         ;/*
   11 00000000         ; * Copyright (c) 2009-2016 ARM Limited. All rights rese
                       rved.
   12 00000000         ; *
   13 00000000         ; * SPDX-License-Identifier: Apache-2.0
   14 00000000         ; *
   15 00000000         ; * Licensed under the Apache License, Version 2.0 (the 
                       License); you may
   16 00000000         ; * not use this file except in compliance with the Lice
                       nse.
   17 00000000         ; * You may obtain a copy of the License at
   18 00000000         ; *
   19 00000000         ; * www.apache.org/licenses/LICENSE-2.0
   20 00000000         ; *
   21 00000000         ; * Unless required by applicable law or agreed to in wr
                       iting, software
   22 00000000         ; * distributed under the License is distributed on an A
                       S IS BASIS, WITHOUT
   23 00000000         ; * WARRANTIES OR CONDITIONS OF ANY KIND, either express
                        or implied.
   24 00000000         ; * See the License for the specific language governing 
                       permissions and
   25 00000000         ; * limitations under the License.
   26 00000000         ; */
   27 00000000         ;/*
   28 00000000         
   29 00000000         ;//-------- <<< Use Configuration Wizard in Context Menu
                        >>> ------------------
   30 00000000         ;*/
   31 00000000         
   32 00000000         
   33 00000000         ; <h> Stack Configuration
   34 00000000         ;   <o> Stack Size (in Bytes) <0x0-0xFFFFFFFF:8>
   35 00000000         ; </h>
   36 00000000         
   37 00000000 00000700 
                       Stack_Size
                               EQU              0x0000700
   38 00000000         ; Stack_Size      EQU     0x00000400 
   39 00000000                 AREA             STACK, NOINIT, READWRITE, ALIGN
=3
   40 00000000         Stack_Mem
                               SPACE            Stack_Size
   41 00000700         __initial_sp
   42 00000700         
   43 00000700         
   44 00000700         ; <h> Heap Configuration



ARM Macro Assembler    Page 2 


   45 00000700         ;   <o>  Heap Size (in Bytes) <0x0-0xFFFFFFFF:8>
   46 00000700         ; </h>
   47 00000700         
   48 00000700 00000100 
                       Heap_Size
                               EQU              0x00000100
   49 00000700         
   50 00000700                 AREA             HEAP, NOINIT, READWRITE, ALIGN=
3
   51 00000000         __heap_base
   52 00000000         Heap_Mem
                               SPACE            Heap_Size
   53 00000100         __heap_limit
   54 00000100         
   55 00000100         
   56 00000100                 PRESERVE8
   57 00000100                 THUMB
   58 00000100         
   59 00000100         
   60 00000100         ; Vector Table Mapped to Address 0 at Reset
   61 00000100         
   62 00000100                 AREA             RESET, DATA, READONLY
   63 00000000                 EXPORT           __Vectors
   64 00000000                 EXPORT           __Vectors_End
   65 00000000                 EXPORT           __Vectors_Size
   66 00000000         
   67 00000000 00000000 
                       __Vectors
                               DCD              __initial_sp ; Top of Stack
   68 00000004 00000000        DCD              Reset_Handler ; Reset Handler
   69 00000008 00000000        DCD              NMI_Handler ; NMI Handler
   70 0000000C 00000000        DCD              HardFault_Handler ; Hard Fault 
                                                            Handler
   71 00000010 00000000        DCD              0           ; Reserved
   72 00000014 00000000        DCD              0           ; Reserved
   73 00000018 00000000        DCD              0           ; Reserved
   74 0000001C 00000000        DCD              0           ; Reserved
   75 00000020 00000000        DCD              0           ; Reserved
   76 00000024 00000000        DCD              0           ; Reserved
   77 00000028 00000000        DCD              0           ; Reserved
   78 0000002C 00000000        DCD              SVC_Handler ; SVCall Handler
   79 00000030 00000000        DCD              0           ; Reserved
   80 00000034 00000000        DCD              0           ; Reserved
   81 00000038 00000000        DCD              PendSV_Handler ; PendSV Handler
                                                            
   82 0000003C 00000000        DCD              SysTick_Handler 
                                                            ; SysTick Handler
   83 00000040         
   84 00000040         ; External Interrupts
   85 00000040         ; ToDo:  Add here the vectors for the device specific ex
                       ternal interrupts handler
   86 00000040 00000000        DCD              IRQ00_Handler ;  LVI IRQ 
   87 00000044 00000000        DCD              IRQ01_Handler ;  INTP0 IRQ 
   88 00000048 00000000        DCD              IRQ02_Handler ;  INTP1 IRQ 
   89 0000004C 00000000        DCD              IRQ03_Handler ;  INTP2 IRQ 
   90 00000050 00000000        DCD              IRQ04_Handler ;  INTP3 IRQ 
   91 00000054 00000000        DCD              IRQ05_Handler ;  INTTM01H IRQ 
   92 00000058 00000000        DCD              IRQ06_Handler ;  KEY IRQ 
   93 0000005C 00000000        DCD              IRQ07_Handler ;  ST2/SPI20/IIC2



ARM Macro Assembler    Page 3 


                                                            0 IRQ
   94 00000060 00000000        DCD              IRQ08_Handler ;  SR2/SPI21/IIC2
                                                            1 IRQ
   95 00000064 00000000        DCD              IRQ09_Handler ;  SRE2 IRQ 
   96 00000068 00000000        DCD              IRQ10_Handler ;  ST0/SPI00/IIC0
                                                            0 IRQ
   97 0000006C 00000000        DCD              IRQ11_Handler ;  SR0/SPI01/IIC0
                                                            1 IRQ
   98 00000070 00000000        DCD              IRQ12_Handler ;  SRE0 or TM01H 
                                                            IRQ 
   99 00000074 00000000        DCD              IRQ13_Handler ;  ST1/SPI10/IIC1
                                                            0 IRQ
  100 00000078 00000000        DCD              IRQ14_Handler ;  SR1/SPI11/IIC1
                                                            1 IRQ
  101 0000007C 00000000        DCD              IRQ15_Handler ;  SRE1 IRQ 
  102 00000080 00000000        DCD              IRQ16_Handler ;  IICA IRQ
  103 00000084 00000000        DCD              IRQ17_Handler ;  TM00 IRQ
  104 00000088 00000000        DCD              IRQ18_Handler ;  TM01 IRQ
  105 0000008C 00000000        DCD              IRQ19_Handler ;  TM02 IRQ
  106 00000090 00000000        DCD              IRQ20_Handler ;  TM03 IRQ
  107 00000094 00000000        DCD              IRQ21_Handler ;  ADC IRQ
  108 00000098 00000000        DCD              IRQ22_Handler ;  RTC IRQ
  109 0000009C 00000000        DCD              IRQ23_Handler ;  IT IRQ
  110 000000A0 00000000        DCD              IRQ24_Handler ;  CMP0 IRQ
  111 000000A4 00000000        DCD              IRQ25_Handler ;  CMP1 IRQ
  112 000000A8 00000000        DCD              IRQ26_Handler ;  RAMPRTERR IRQ
  113 000000AC 00000000        DCD              IRQ27_Handler ;  TM10 IRQ
  114 000000B0 00000000        DCD              IRQ28_Handler ;  TM11 IRQ
  115 000000B4 00000000        DCD              IRQ29_Handler ;  TM12 IRQ
  116 000000B8 00000000        DCD              IRQ30_Handler ;  TM13 IRQ
  117 000000BC 00000000        DCD              IRQ31_Handler ;  FMC IRQ
  118 000000C0         __Vectors_End
  119 000000C0         
  120 000000C0 000000C0 
                       __Vectors_Size
                               EQU              __Vectors_End - __Vectors
  121 000000C0         
  122 000000C0                 AREA             |.text|, CODE, READONLY
  123 00000000         
  124 00000000         
  125 00000000         ; Reset Handler
  126 00000000         
  127 00000000         Reset_Handler
                               PROC
  128 00000000                 EXPORT           Reset_Handler             [WEAK
]
  129 00000000                 IMPORT           SystemInit
  130 00000000                 IMPORT           __main
  131 00000000 4819            LDR              R0, =SystemInit
  132 00000002 4780            BLX              R0
  133 00000004 4819            LDR              R0, =__main
  134 00000006 4700            BX               R0
  135 00000008                 ENDP
  136 00000008         
  137 00000008         
  138 00000008         ; Dummy Exception Handlers (infinite loops which can be 
                       modified)
  139 00000008         
  141 00000008         NMI_Handler



ARM Macro Assembler    Page 4 


                               PROC
  142 00000008                 EXPORT           NMI_Handler               [WEAK
]
  143 00000008 E7FE            B                .
  144 0000000A                 ENDP
  146 0000000A         HardFault_Handler
                               PROC
  147 0000000A                 EXPORT           HardFault_Handler         [WEAK
]
  148 0000000A E7FE            B                .
  149 0000000C                 ENDP
  151 0000000C         MemManage_Handler
                               PROC
  152 0000000C                 EXPORT           MemManage_Handler         [WEAK
]
  153 0000000C E7FE            B                .
  154 0000000E                 ENDP
  156 0000000E         BusFault_Handler
                               PROC
  157 0000000E                 EXPORT           BusFault_Handler          [WEAK
]
  158 0000000E E7FE            B                .
  159 00000010                 ENDP
  161 00000010         UsageFault_Handler
                               PROC
  162 00000010                 EXPORT           UsageFault_Handler        [WEAK
]
  163 00000010 E7FE            B                .
  164 00000012                 ENDP
  166 00000012         SVC_Handler
                               PROC
  167 00000012                 EXPORT           SVC_Handler               [WEAK
]
  168 00000012 E7FE            B                .
  169 00000014                 ENDP
  171 00000014         DebugMon_Handler
                               PROC
  172 00000014                 EXPORT           DebugMon_Handler          [WEAK
]
  173 00000014 E7FE            B                .
  174 00000016                 ENDP
  176 00000016         PendSV_Handler
                               PROC
  177 00000016                 EXPORT           PendSV_Handler            [WEAK
]
  178 00000016 E7FE            B                .
  179 00000018                 ENDP
  181 00000018         SysTick_Handler
                               PROC
  182 00000018                 EXPORT           SysTick_Handler           [WEAK
]
  183 00000018 E7FE            B                .
  184 0000001A                 ENDP
  186 0000001A         IRQ00_Handler
                               PROC
  187 0000001A                 EXPORT           IRQ00_Handler           [WEAK]
  188 0000001A E7FE            B                .
  189 0000001C                 ENDP
  191 0000001C         IRQ01_Handler



ARM Macro Assembler    Page 5 


                               PROC
  192 0000001C                 EXPORT           IRQ01_Handler           [WEAK]
  193 0000001C E7FE            B                .
  194 0000001E                 ENDP
  196 0000001E         IRQ02_Handler
                               PROC
  197 0000001E                 EXPORT           IRQ02_Handler           [WEAK]
  198 0000001E E7FE            B                .
  199 00000020                 ENDP
  201 00000020         IRQ03_Handler
                               PROC
  202 00000020                 EXPORT           IRQ03_Handler           [WEAK]
  203 00000020 E7FE            B                .
  204 00000022                 ENDP
  206 00000022         IRQ04_Handler
                               PROC
  207 00000022                 EXPORT           IRQ04_Handler           [WEAK]
  208 00000022 E7FE            B                .
  209 00000024                 ENDP
  211 00000024         IRQ05_Handler
                               PROC
  212 00000024                 EXPORT           IRQ05_Handler           [WEAK]
  213 00000024 E7FE            B                .
  214 00000026                 ENDP
  216 00000026         IRQ06_Handler
                               PROC
  217 00000026                 EXPORT           IRQ06_Handler           [WEAK]
  218 00000026 E7FE            B                .
  219 00000028                 ENDP
  221 00000028         IRQ07_Handler
                               PROC
  222 00000028                 EXPORT           IRQ07_Handler           [WEAK]
  223 00000028 E7FE            B                .
  224 0000002A                 ENDP
  226 0000002A         IRQ08_Handler
                               PROC
  227 0000002A                 EXPORT           IRQ08_Handler           [WEAK]
  228 0000002A E7FE            B                .
  229 0000002C                 ENDP
  231 0000002C         IRQ09_Handler
                               PROC
  232 0000002C                 EXPORT           IRQ09_Handler           [WEAK]
  233 0000002C E7FE            B                .
  234 0000002E                 ENDP
  236 0000002E         IRQ10_Handler
                               PROC
  237 0000002E                 EXPORT           IRQ10_Handler           [WEAK]
  238 0000002E E7FE            B                .
  239 00000030                 ENDP
  241 00000030         IRQ11_Handler
                               PROC
  242 00000030                 EXPORT           IRQ11_Handler           [WEAK]
  243 00000030 E7FE            B                .
  244 00000032                 ENDP
  246 00000032         IRQ12_Handler
                               PROC
  247 00000032                 EXPORT           IRQ12_Handler           [WEAK]
  248 00000032 E7FE            B                .
  249 00000034                 ENDP



ARM Macro Assembler    Page 6 


  251 00000034         IRQ13_Handler
                               PROC
  252 00000034                 EXPORT           IRQ13_Handler           [WEAK]
  253 00000034 E7FE            B                .
  254 00000036                 ENDP
  256 00000036         IRQ14_Handler
                               PROC
  257 00000036                 EXPORT           IRQ14_Handler           [WEAK]
  258 00000036 E7FE            B                .
  259 00000038                 ENDP
  261 00000038         IRQ15_Handler
                               PROC
  262 00000038                 EXPORT           IRQ15_Handler           [WEAK]
  263 00000038 E7FE            B                .
  264 0000003A                 ENDP
  266 0000003A         IRQ16_Handler
                               PROC
  267 0000003A                 EXPORT           IRQ16_Handler           [WEAK]
  268 0000003A E7FE            B                .
  269 0000003C                 ENDP
  271 0000003C         IRQ17_Handler
                               PROC
  272 0000003C                 EXPORT           IRQ17_Handler           [WEAK]
  273 0000003C E7FE            B                .
  274 0000003E                 ENDP
  276 0000003E         IRQ18_Handler
                               PROC
  277 0000003E                 EXPORT           IRQ18_Handler           [WEAK]
  278 0000003E E7FE            B                .
  279 00000040                 ENDP
  281 00000040         IRQ19_Handler
                               PROC
  282 00000040                 EXPORT           IRQ19_Handler           [WEAK]
  283 00000040 E7FE            B                .
  284 00000042                 ENDP
  286 00000042         IRQ20_Handler
                               PROC
  287 00000042                 EXPORT           IRQ20_Handler           [WEAK]
  288 00000042 E7FE            B                .
  289 00000044                 ENDP
  291 00000044         IRQ21_Handler
                               PROC
  292 00000044                 EXPORT           IRQ21_Handler           [WEAK]
  293 00000044 E7FE            B                .
  294 00000046                 ENDP
  296 00000046         IRQ22_Handler
                               PROC
  297 00000046                 EXPORT           IRQ22_Handler           [WEAK]
  298 00000046 E7FE            B                .
  299 00000048                 ENDP
  301 00000048         IRQ23_Handler
                               PROC
  302 00000048                 EXPORT           IRQ23_Handler           [WEAK]
  303 00000048 E7FE            B                .
  304 0000004A                 ENDP
  306 0000004A         IRQ24_Handler
                               PROC
  307 0000004A                 EXPORT           IRQ24_Handler           [WEAK]
  308 0000004A E7FE            B                .



ARM Macro Assembler    Page 7 


  309 0000004C                 ENDP
  311 0000004C         IRQ25_Handler
                               PROC
  312 0000004C                 EXPORT           IRQ25_Handler           [WEAK]
  313 0000004C E7FE            B                .
  314 0000004E                 ENDP
  316 0000004E         IRQ26_Handler
                               PROC
  317 0000004E                 EXPORT           IRQ26_Handler           [WEAK]
  318 0000004E E7FE            B                .
  319 00000050                 ENDP
  321 00000050         IRQ27_Handler
                               PROC
  322 00000050                 EXPORT           IRQ27_Handler           [WEAK]
  323 00000050 E7FE            B                .
  324 00000052                 ENDP
  326 00000052         IRQ28_Handler
                               PROC
  327 00000052                 EXPORT           IRQ28_Handler           [WEAK]
  328 00000052 E7FE            B                .
  329 00000054                 ENDP
  331 00000054         IRQ29_Handler
                               PROC
  332 00000054                 EXPORT           IRQ29_Handler           [WEAK]
  333 00000054 E7FE            B                .
  334 00000056                 ENDP
  336 00000056         IRQ30_Handler
                               PROC
  337 00000056                 EXPORT           IRQ30_Handler           [WEAK]
  338 00000056 E7FE            B                .
  339 00000058                 ENDP
  341 00000058         IRQ31_Handler
                               PROC
  342 00000058                 EXPORT           IRQ31_Handler           [WEAK]
  343 00000058 E7FE            B                .
  344 0000005A                 ENDP
  345 0000005A         
  346 0000005A         
  347 0000005A 00 00           ALIGN
  348 0000005C         
  349 0000005C         
  350 0000005C         ; User Initial Stack & Heap
  351 0000005C         
  352 0000005C                 IF               :DEF:__MICROLIB
  359 0000005C         
  360 0000005C                 IMPORT           __use_two_region_memory
  361 0000005C                 EXPORT           __user_initial_stackheap
  362 0000005C         
  363 0000005C         __user_initial_stackheap
                               PROC
  364 0000005C 4804            LDR              R0, =  Heap_Mem
  365 0000005E 4905            LDR              R1, =(Stack_Mem + Stack_Size)
  366 00000060 4A05            LDR              R2, = (Heap_Mem +  Heap_Size)
  367 00000062 4B06            LDR              R3, = Stack_Mem
  368 00000064 4770            BX               LR
  369 00000066                 ENDP
  370 00000066         
  371 00000066 00 00           ALIGN
  372 00000068         



ARM Macro Assembler    Page 8 


  373 00000068                 ENDIF
  374 00000068         
  375 00000068         
  376 00000068                 END
              00000000 
              00000000 
              00000000 
              00000700 
              00000100 
              00000000 
Command Line: --debug --xref --diag_suppress=9931 --cpu=Cortex-M0+ --apcs=inter
work --depend=.\objects\startup_cms32l051.d -o.\objects\startup_cms32l051.o -I.
\RTE\Device\CMS32L051TS20 -I.\RTE\_CMS32L051 -IF:\APP\Keil\ARM\CMSIS\5.7.0\CMSI
S\Core\Include -IF:\APP\Keil\Cmsemicon\CMS32L051\1.2.0\Device\Include --predefi
ne="__UVISION_VERSION SETA 534" --predefine="_RTE_ SETA 1" --predefine="_RTE_ S
ETA 1" --list=.\listings\startup_cms32l051.lst RTE\Device\CMS32L051TS20\startup
_CMS32L051.s



ARM Macro Assembler    Page 1 Alphabetic symbol ordering
Relocatable symbols

STACK 00000000

Symbol: STACK
   Definitions
      At line 39 in file RTE\Device\CMS32L051TS20\startup_CMS32L051.s
   Uses
      None
Comment: STACK unused
Stack_Mem 00000000

Symbol: Stack_Mem
   Definitions
      At line 40 in file RTE\Device\CMS32L051TS20\startup_CMS32L051.s
   Uses
      At line 365 in file RTE\Device\CMS32L051TS20\startup_CMS32L051.s
      At line 367 in file RTE\Device\CMS32L051TS20\startup_CMS32L051.s

__initial_sp 00000700

Symbol: __initial_sp
   Definitions
      At line 41 in file RTE\Device\CMS32L051TS20\startup_CMS32L051.s
   Uses
      At line 67 in file RTE\Device\CMS32L051TS20\startup_CMS32L051.s
Comment: __initial_sp used once
3 symbols



ARM Macro Assembler    Page 1 Alphabetic symbol ordering
Relocatable symbols

HEAP 00000000

Symbol: HEAP
   Definitions
      At line 50 in file RTE\Device\CMS32L051TS20\startup_CMS32L051.s
   Uses
      None
Comment: HEAP unused
Heap_Mem 00000000

Symbol: Heap_Mem
   Definitions
      At line 52 in file RTE\Device\CMS32L051TS20\startup_CMS32L051.s
   Uses
      At line 364 in file RTE\Device\CMS32L051TS20\startup_CMS32L051.s
      At line 366 in file RTE\Device\CMS32L051TS20\startup_CMS32L051.s

__heap_base 00000000

Symbol: __heap_base
   Definitions
      At line 51 in file RTE\Device\CMS32L051TS20\startup_CMS32L051.s
   Uses
      None
Comment: __heap_base unused
__heap_limit 00000100

Symbol: __heap_limit
   Definitions
      At line 53 in file RTE\Device\CMS32L051TS20\startup_CMS32L051.s
   Uses
      None
Comment: __heap_limit unused
4 symbols



ARM Macro Assembler    Page 1 Alphabetic symbol ordering
Relocatable symbols

RESET 00000000

Symbol: RESET
   Definitions
      At line 62 in file RTE\Device\CMS32L051TS20\startup_CMS32L051.s
   Uses
      None
Comment: RESET unused
__Vectors 00000000

Symbol: __Vectors
   Definitions
      At line 67 in file RTE\Device\CMS32L051TS20\startup_CMS32L051.s
   Uses
      At line 63 in file RTE\Device\CMS32L051TS20\startup_CMS32L051.s
      At line 120 in file RTE\Device\CMS32L051TS20\startup_CMS32L051.s

__Vectors_End 000000C0

Symbol: __Vectors_End
   Definitions
      At line 118 in file RTE\Device\CMS32L051TS20\startup_CMS32L051.s
   Uses
      At line 64 in file RTE\Device\CMS32L051TS20\startup_CMS32L051.s
      At line 120 in file RTE\Device\CMS32L051TS20\startup_CMS32L051.s

3 symbols



ARM Macro Assembler    Page 1 Alphabetic symbol ordering
Relocatable symbols

.text 00000000

Symbol: .text
   Definitions
      At line 122 in file RTE\Device\CMS32L051TS20\startup_CMS32L051.s
   Uses
      None
Comment: .text unused
BusFault_Handler 0000000E

Symbol: BusFault_Handler
   Definitions
      At line 156 in file RTE\Device\CMS32L051TS20\startup_CMS32L051.s
   Uses
      At line 157 in file RTE\Device\CMS32L051TS20\startup_CMS32L051.s
Comment: BusFault_Handler used once
DebugMon_Handler 00000014

Symbol: DebugMon_Handler
   Definitions
      At line 171 in file RTE\Device\CMS32L051TS20\startup_CMS32L051.s
   Uses
      At line 172 in file RTE\Device\CMS32L051TS20\startup_CMS32L051.s
Comment: DebugMon_Handler used once
HardFault_Handler 0000000A

Symbol: HardFault_Handler
   Definitions
      At line 146 in file RTE\Device\CMS32L051TS20\startup_CMS32L051.s
   Uses
      At line 70 in file RTE\Device\CMS32L051TS20\startup_CMS32L051.s
      At line 147 in file RTE\Device\CMS32L051TS20\startup_CMS32L051.s

IRQ00_Handler 0000001A

Symbol: IRQ00_Handler
   Definitions
      At line 186 in file RTE\Device\CMS32L051TS20\startup_CMS32L051.s
   Uses
      At line 86 in file RTE\Device\CMS32L051TS20\startup_CMS32L051.s
      At line 187 in file RTE\Device\CMS32L051TS20\startup_CMS32L051.s

IRQ01_Handler 0000001C

Symbol: IRQ01_Handler
   Definitions
      At line 191 in file RTE\Device\CMS32L051TS20\startup_CMS32L051.s
   Uses
      At line 87 in file RTE\Device\CMS32L051TS20\startup_CMS32L051.s
      At line 192 in file RTE\Device\CMS32L051TS20\startup_CMS32L051.s

IRQ02_Handler 0000001E

Symbol: IRQ02_Handler
   Definitions
      At line 196 in file RTE\Device\CMS32L051TS20\startup_CMS32L051.s
   Uses
      At line 88 in file RTE\Device\CMS32L051TS20\startup_CMS32L051.s
      At line 197 in file RTE\Device\CMS32L051TS20\startup_CMS32L051.s



ARM Macro Assembler    Page 2 Alphabetic symbol ordering
Relocatable symbols


IRQ03_Handler 00000020

Symbol: IRQ03_Handler
   Definitions
      At line 201 in file RTE\Device\CMS32L051TS20\startup_CMS32L051.s
   Uses
      At line 89 in file RTE\Device\CMS32L051TS20\startup_CMS32L051.s
      At line 202 in file RTE\Device\CMS32L051TS20\startup_CMS32L051.s

IRQ04_Handler 00000022

Symbol: IRQ04_Handler
   Definitions
      At line 206 in file RTE\Device\CMS32L051TS20\startup_CMS32L051.s
   Uses
      At line 90 in file RTE\Device\CMS32L051TS20\startup_CMS32L051.s
      At line 207 in file RTE\Device\CMS32L051TS20\startup_CMS32L051.s

IRQ05_Handler 00000024

Symbol: IRQ05_Handler
   Definitions
      At line 211 in file RTE\Device\CMS32L051TS20\startup_CMS32L051.s
   Uses
      At line 91 in file RTE\Device\CMS32L051TS20\startup_CMS32L051.s
      At line 212 in file RTE\Device\CMS32L051TS20\startup_CMS32L051.s

IRQ06_Handler 00000026

Symbol: IRQ06_Handler
   Definitions
      At line 216 in file RTE\Device\CMS32L051TS20\startup_CMS32L051.s
   Uses
      At line 92 in file RTE\Device\CMS32L051TS20\startup_CMS32L051.s
      At line 217 in file RTE\Device\CMS32L051TS20\startup_CMS32L051.s

IRQ07_Handler 00000028

Symbol: IRQ07_Handler
   Definitions
      At line 221 in file RTE\Device\CMS32L051TS20\startup_CMS32L051.s
   Uses
      At line 93 in file RTE\Device\CMS32L051TS20\startup_CMS32L051.s
      At line 222 in file RTE\Device\CMS32L051TS20\startup_CMS32L051.s

IRQ08_Handler 0000002A

Symbol: IRQ08_Handler
   Definitions
      At line 226 in file RTE\Device\CMS32L051TS20\startup_CMS32L051.s
   Uses
      At line 94 in file RTE\Device\CMS32L051TS20\startup_CMS32L051.s
      At line 227 in file RTE\Device\CMS32L051TS20\startup_CMS32L051.s

IRQ09_Handler 0000002C

Symbol: IRQ09_Handler
   Definitions



ARM Macro Assembler    Page 3 Alphabetic symbol ordering
Relocatable symbols

      At line 231 in file RTE\Device\CMS32L051TS20\startup_CMS32L051.s
   Uses
      At line 95 in file RTE\Device\CMS32L051TS20\startup_CMS32L051.s
      At line 232 in file RTE\Device\CMS32L051TS20\startup_CMS32L051.s

IRQ10_Handler 0000002E

Symbol: IRQ10_Handler
   Definitions
      At line 236 in file RTE\Device\CMS32L051TS20\startup_CMS32L051.s
   Uses
      At line 96 in file RTE\Device\CMS32L051TS20\startup_CMS32L051.s
      At line 237 in file RTE\Device\CMS32L051TS20\startup_CMS32L051.s

IRQ11_Handler 00000030

Symbol: IRQ11_Handler
   Definitions
      At line 241 in file RTE\Device\CMS32L051TS20\startup_CMS32L051.s
   Uses
      At line 97 in file RTE\Device\CMS32L051TS20\startup_CMS32L051.s
      At line 242 in file RTE\Device\CMS32L051TS20\startup_CMS32L051.s

IRQ12_Handler 00000032

Symbol: IRQ12_Handler
   Definitions
      At line 246 in file RTE\Device\CMS32L051TS20\startup_CMS32L051.s
   Uses
      At line 98 in file RTE\Device\CMS32L051TS20\startup_CMS32L051.s
      At line 247 in file RTE\Device\CMS32L051TS20\startup_CMS32L051.s

IRQ13_Handler 00000034

Symbol: IRQ13_Handler
   Definitions
      At line 251 in file RTE\Device\CMS32L051TS20\startup_CMS32L051.s
   Uses
      At line 99 in file RTE\Device\CMS32L051TS20\startup_CMS32L051.s
      At line 252 in file RTE\Device\CMS32L051TS20\startup_CMS32L051.s

IRQ14_Handler 00000036

Symbol: IRQ14_Handler
   Definitions
      At line 256 in file RTE\Device\CMS32L051TS20\startup_CMS32L051.s
   Uses
      At line 100 in file RTE\Device\CMS32L051TS20\startup_CMS32L051.s
      At line 257 in file RTE\Device\CMS32L051TS20\startup_CMS32L051.s

IRQ15_Handler 00000038

Symbol: IRQ15_Handler
   Definitions
      At line 261 in file RTE\Device\CMS32L051TS20\startup_CMS32L051.s
   Uses
      At line 101 in file RTE\Device\CMS32L051TS20\startup_CMS32L051.s
      At line 262 in file RTE\Device\CMS32L051TS20\startup_CMS32L051.s




ARM Macro Assembler    Page 4 Alphabetic symbol ordering
Relocatable symbols

IRQ16_Handler 0000003A

Symbol: IRQ16_Handler
   Definitions
      At line 266 in file RTE\Device\CMS32L051TS20\startup_CMS32L051.s
   Uses
      At line 102 in file RTE\Device\CMS32L051TS20\startup_CMS32L051.s
      At line 267 in file RTE\Device\CMS32L051TS20\startup_CMS32L051.s

IRQ17_Handler 0000003C

Symbol: IRQ17_Handler
   Definitions
      At line 271 in file RTE\Device\CMS32L051TS20\startup_CMS32L051.s
   Uses
      At line 103 in file RTE\Device\CMS32L051TS20\startup_CMS32L051.s
      At line 272 in file RTE\Device\CMS32L051TS20\startup_CMS32L051.s

IRQ18_Handler 0000003E

Symbol: IRQ18_Handler
   Definitions
      At line 276 in file RTE\Device\CMS32L051TS20\startup_CMS32L051.s
   Uses
      At line 104 in file RTE\Device\CMS32L051TS20\startup_CMS32L051.s
      At line 277 in file RTE\Device\CMS32L051TS20\startup_CMS32L051.s

IRQ19_Handler 00000040

Symbol: IRQ19_Handler
   Definitions
      At line 281 in file RTE\Device\CMS32L051TS20\startup_CMS32L051.s
   Uses
      At line 105 in file RTE\Device\CMS32L051TS20\startup_CMS32L051.s
      At line 282 in file RTE\Device\CMS32L051TS20\startup_CMS32L051.s

IRQ20_Handler 00000042

Symbol: IRQ20_Handler
   Definitions
      At line 286 in file RTE\Device\CMS32L051TS20\startup_CMS32L051.s
   Uses
      At line 106 in file RTE\Device\CMS32L051TS20\startup_CMS32L051.s
      At line 287 in file RTE\Device\CMS32L051TS20\startup_CMS32L051.s

IRQ21_Handler 00000044

Symbol: IRQ21_Handler
   Definitions
      At line 291 in file RTE\Device\CMS32L051TS20\startup_CMS32L051.s
   Uses
      At line 107 in file RTE\Device\CMS32L051TS20\startup_CMS32L051.s
      At line 292 in file RTE\Device\CMS32L051TS20\startup_CMS32L051.s

IRQ22_Handler 00000046

Symbol: IRQ22_Handler
   Definitions
      At line 296 in file RTE\Device\CMS32L051TS20\startup_CMS32L051.s



ARM Macro Assembler    Page 5 Alphabetic symbol ordering
Relocatable symbols

   Uses
      At line 108 in file RTE\Device\CMS32L051TS20\startup_CMS32L051.s
      At line 297 in file RTE\Device\CMS32L051TS20\startup_CMS32L051.s

IRQ23_Handler 00000048

Symbol: IRQ23_Handler
   Definitions
      At line 301 in file RTE\Device\CMS32L051TS20\startup_CMS32L051.s
   Uses
      At line 109 in file RTE\Device\CMS32L051TS20\startup_CMS32L051.s
      At line 302 in file RTE\Device\CMS32L051TS20\startup_CMS32L051.s

IRQ24_Handler 0000004A

Symbol: IRQ24_Handler
   Definitions
      At line 306 in file RTE\Device\CMS32L051TS20\startup_CMS32L051.s
   Uses
      At line 110 in file RTE\Device\CMS32L051TS20\startup_CMS32L051.s
      At line 307 in file RTE\Device\CMS32L051TS20\startup_CMS32L051.s

IRQ25_Handler 0000004C

Symbol: IRQ25_Handler
   Definitions
      At line 311 in file RTE\Device\CMS32L051TS20\startup_CMS32L051.s
   Uses
      At line 111 in file RTE\Device\CMS32L051TS20\startup_CMS32L051.s
      At line 312 in file RTE\Device\CMS32L051TS20\startup_CMS32L051.s

IRQ26_Handler 0000004E

Symbol: IRQ26_Handler
   Definitions
      At line 316 in file RTE\Device\CMS32L051TS20\startup_CMS32L051.s
   Uses
      At line 112 in file RTE\Device\CMS32L051TS20\startup_CMS32L051.s
      At line 317 in file RTE\Device\CMS32L051TS20\startup_CMS32L051.s

IRQ27_Handler 00000050

Symbol: IRQ27_Handler
   Definitions
      At line 321 in file RTE\Device\CMS32L051TS20\startup_CMS32L051.s
   Uses
      At line 113 in file RTE\Device\CMS32L051TS20\startup_CMS32L051.s
      At line 322 in file RTE\Device\CMS32L051TS20\startup_CMS32L051.s

IRQ28_Handler 00000052

Symbol: IRQ28_Handler
   Definitions
      At line 326 in file RTE\Device\CMS32L051TS20\startup_CMS32L051.s
   Uses
      At line 114 in file RTE\Device\CMS32L051TS20\startup_CMS32L051.s
      At line 327 in file RTE\Device\CMS32L051TS20\startup_CMS32L051.s

IRQ29_Handler 00000054



ARM Macro Assembler    Page 6 Alphabetic symbol ordering
Relocatable symbols


Symbol: IRQ29_Handler
   Definitions
      At line 331 in file RTE\Device\CMS32L051TS20\startup_CMS32L051.s
   Uses
      At line 115 in file RTE\Device\CMS32L051TS20\startup_CMS32L051.s
      At line 332 in file RTE\Device\CMS32L051TS20\startup_CMS32L051.s

IRQ30_Handler 00000056

Symbol: IRQ30_Handler
   Definitions
      At line 336 in file RTE\Device\CMS32L051TS20\startup_CMS32L051.s
   Uses
      At line 116 in file RTE\Device\CMS32L051TS20\startup_CMS32L051.s
      At line 337 in file RTE\Device\CMS32L051TS20\startup_CMS32L051.s

IRQ31_Handler 00000058

Symbol: IRQ31_Handler
   Definitions
      At line 341 in file RTE\Device\CMS32L051TS20\startup_CMS32L051.s
   Uses
      At line 117 in file RTE\Device\CMS32L051TS20\startup_CMS32L051.s
      At line 342 in file RTE\Device\CMS32L051TS20\startup_CMS32L051.s

MemManage_Handler 0000000C

Symbol: MemManage_Handler
   Definitions
      At line 151 in file RTE\Device\CMS32L051TS20\startup_CMS32L051.s
   Uses
      At line 152 in file RTE\Device\CMS32L051TS20\startup_CMS32L051.s
Comment: MemManage_Handler used once
NMI_Handler 00000008

Symbol: NMI_Handler
   Definitions
      At line 141 in file RTE\Device\CMS32L051TS20\startup_CMS32L051.s
   Uses
      At line 69 in file RTE\Device\CMS32L051TS20\startup_CMS32L051.s
      At line 142 in file RTE\Device\CMS32L051TS20\startup_CMS32L051.s

PendSV_Handler 00000016

Symbol: PendSV_Handler
   Definitions
      At line 176 in file RTE\Device\CMS32L051TS20\startup_CMS32L051.s
   Uses
      At line 81 in file RTE\Device\CMS32L051TS20\startup_CMS32L051.s
      At line 177 in file RTE\Device\CMS32L051TS20\startup_CMS32L051.s

Reset_Handler 00000000

Symbol: Reset_Handler
   Definitions
      At line 127 in file RTE\Device\CMS32L051TS20\startup_CMS32L051.s
   Uses
      At line 68 in file RTE\Device\CMS32L051TS20\startup_CMS32L051.s



ARM Macro Assembler    Page 7 Alphabetic symbol ordering
Relocatable symbols

      At line 128 in file RTE\Device\CMS32L051TS20\startup_CMS32L051.s

SVC_Handler 00000012

Symbol: SVC_Handler
   Definitions
      At line 166 in file RTE\Device\CMS32L051TS20\startup_CMS32L051.s
   Uses
      At line 78 in file RTE\Device\CMS32L051TS20\startup_CMS32L051.s
      At line 167 in file RTE\Device\CMS32L051TS20\startup_CMS32L051.s

SysTick_Handler 00000018

Symbol: SysTick_Handler
   Definitions
      At line 181 in file RTE\Device\CMS32L051TS20\startup_CMS32L051.s
   Uses
      At line 82 in file RTE\Device\CMS32L051TS20\startup_CMS32L051.s
      At line 182 in file RTE\Device\CMS32L051TS20\startup_CMS32L051.s

UsageFault_Handler 00000010

Symbol: UsageFault_Handler
   Definitions
      At line 161 in file RTE\Device\CMS32L051TS20\startup_CMS32L051.s
   Uses
      At line 162 in file RTE\Device\CMS32L051TS20\startup_CMS32L051.s
Comment: UsageFault_Handler used once
__user_initial_stackheap 0000005C

Symbol: __user_initial_stackheap
   Definitions
      At line 363 in file RTE\Device\CMS32L051TS20\startup_CMS32L051.s
   Uses
      At line 361 in file RTE\Device\CMS32L051TS20\startup_CMS32L051.s
Comment: __user_initial_stackheap used once
44 symbols



ARM Macro Assembler    Page 1 Alphabetic symbol ordering
Absolute symbols

Heap_Size 00000100

Symbol: Heap_Size
   Definitions
      At line 48 in file RTE\Device\CMS32L051TS20\startup_CMS32L051.s
   Uses
      At line 52 in file RTE\Device\CMS32L051TS20\startup_CMS32L051.s
      At line 366 in file RTE\Device\CMS32L051TS20\startup_CMS32L051.s

Stack_Size 00000700

Symbol: Stack_Size
   Definitions
      At line 37 in file RTE\Device\CMS32L051TS20\startup_CMS32L051.s
   Uses
      At line 40 in file RTE\Device\CMS32L051TS20\startup_CMS32L051.s
      At line 365 in file RTE\Device\CMS32L051TS20\startup_CMS32L051.s

__Vectors_Size 000000C0

Symbol: __Vectors_Size
   Definitions
      At line 120 in file RTE\Device\CMS32L051TS20\startup_CMS32L051.s
   Uses
      At line 65 in file RTE\Device\CMS32L051TS20\startup_CMS32L051.s
Comment: __Vectors_Size used once
3 symbols



ARM Macro Assembler    Page 1 Alphabetic symbol ordering
External symbols

SystemInit 00000000

Symbol: SystemInit
   Definitions
      At line 129 in file RTE\Device\CMS32L051TS20\startup_CMS32L051.s
   Uses
      At line 131 in file RTE\Device\CMS32L051TS20\startup_CMS32L051.s
Comment: SystemInit used once
__main 00000000

Symbol: __main
   Definitions
      At line 130 in file RTE\Device\CMS32L051TS20\startup_CMS32L051.s
   Uses
      At line 133 in file RTE\Device\CMS32L051TS20\startup_CMS32L051.s
Comment: __main used once
__use_two_region_memory 00000000

Symbol: __use_two_region_memory
   Definitions
      At line 360 in file RTE\Device\CMS32L051TS20\startup_CMS32L051.s
   Uses
      None
Comment: __use_two_region_memory unused
3 symbols
396 symbols in table
